<?xml version="1.0" encoding="UTF-8"?>
<!-- Generated by org.testng.reporters.JUnitReportReporter -->
<testsuite hostname="LAPTOP-1NDULCDQ" failures="0" tests="2" name="com.testannotations.TestAnnotations" time="0.012" errors="0" timestamp="2022-03-14T10:14:28 IST" skipped="0">
  <testcase classname="com.testannotations.TestAnnotations" name="Test2" time="0.004"/>
  <system-out/>
  <testcase classname="com.testannotations.TestAnnotations" name="Test1" time="0.008"/>
  <system-out/>
</testsuite> <!-- com.testannotations.TestAnnotations -->
